Flutter crash report.
Please report a bug at https://github.com/flutter/flutter/issues.

## command

flutter run -t lib/p.dart

## exception

PathAccessException: PathAccessException: Cannot open file, path = 'C:\Users\matth\Documents\GitHub\GDG-SK\macos\Flutter\GeneratedPluginRegistrant.swift' (OS Error: The process cannot access the file because it is being used by another process.
, errno = 32)

```
#0      _checkForErrorResponse (dart:io/common.dart:58:9)
#1      _File.open.<anonymous closure> (dart:io/file_impl.dart:441:7)
#2      _rootRunUnary (dart:async/zone.dart:1538:47)
#3      _CustomZone.runUnary (dart:async/zone.dart:1429:19)
<asynchronous suspension>
#4      _File.writeAsBytes.<anonymous closure> (dart:io/file_impl.dart:731:34)
<asynchronous suspension>
#5      ForwardingFile.writeAsString (package:file/src/forwarding/forwarding_file.dart:136:12)
<asynchronous suspension>
#6      ErrorHandlingFile.writeAsString.<anonymous closure> (package:flutter_tools/src/base/error_handling_io.dart:238:9)
<asynchronous suspension>
#7      _run (package:flutter_tools/src/base/error_handling_io.dart:512:12)
<asynchronous suspension>
#8      _renderTemplateToFile (package:flutter_tools/src/flutter_plugins.dart:41:3)
<asynchronous suspension>
#9      _writeMacOSPluginRegistrant (package:flutter_tools/src/flutter_plugins.dart:851:3)
<asynchronous suspension>
#10     injectPlugins (package:flutter_tools/src/flutter_plugins.dart:1248:5)
<asynchronous suspension>
#11     FlutterProject.ensureReadyForPlatformSpecificTooling (package:flutter_tools/src/project.dart:387:5)
<asynchronous suspension>
#12     FlutterCommand.verifyThenRunCommand (package:flutter_tools/src/runner/flutter_command.dart:1910:7)
<asynchronous suspension>
#13     FlutterCommand.run.<anonymous closure> (package:flutter_tools/src/runner/flutter_command.dart:1558:27)
<asynchronous suspension>
#14     AppContext.run.<anonymous closure> (package:flutter_tools/src/base/context.dart:154:19)
<asynchronous suspension>
#15     CommandRunner.runCommand (package:args/command_runner.dart:212:13)
<asynchronous suspension>
#16     FlutterCommandRunner.runCommand.<anonymous closure> (package:flutter_tools/src/runner/flutter_command_runner.dart:496:9)
<asynchronous suspension>
#17     AppContext.run.<anonymous closure> (package:flutter_tools/src/base/context.dart:154:19)
<asynchronous suspension>
#18     FlutterCommandRunner.runCommand (package:flutter_tools/src/runner/flutter_command_runner.dart:431:5)
<asynchronous suspension>
#19     run.<anonymous closure>.<anonymous closure> (package:flutter_tools/runner.dart:98:11)
<asynchronous suspension>
#20     AppContext.run.<anonymous closure> (package:flutter_tools/src/base/context.dart:154:19)
<asynchronous suspension>
#21     main (package:flutter_tools/executable.dart:99:3)
<asynchronous suspension>
```

## flutter doctor

```
[32m[✓][39m Flutter (Channel stable, 3.29.3, on Microsoft Windows [Version 10.0.26100.3775], locale en-ID) [209ms]
    [32m•[39m Flutter version 3.29.3 on channel stable at C:\Users\matth\Documents\GitHub\flutter
    [32m•[39m Upstream repository https://github.com/flutter/flutter.git
    [32m•[39m Framework revision ea121f8859 (4 weeks ago), 2025-04-11 19:10:07 +0000
    [32m•[39m Engine revision cf56914b32
    [32m•[39m Dart version 3.7.2
    [32m•[39m DevTools version 2.42.3

[32m[✓][39m Windows Version (Windows 11 or higher, 24H2, 2009) [4.2s]

[32m[✓][39m Android toolchain - develop for Android devices (Android SDK version 35.0.0) [1,759ms]
    [32m•[39m Android SDK at C:\Users\matth\AppData\Local\Android\sdk
    [32m•[39m Platform android-35, build-tools 35.0.0
    [32m•[39m Java binary at: C:\Program Files\Android\Android Studio\jbr\bin\java
      This is the JDK bundled with the latest Android Studio installation on this machine.
      To manually set the JDK path, use: `flutter config --jdk-dir="path/to/jdk"`.
    [32m•[39m Java version OpenJDK Runtime Environment (build 21.0.6+-13355223-b631.42)
    [32m•[39m All Android licenses accepted.

[32m[✓][39m Chrome - develop for the web [6ms]
    [32m•[39m Chrome at C:\Program Files\Google\Chrome\Application\chrome.exe

[31m[✗][39m Visual Studio - develop Windows apps [5ms]
    [31m✗[39m Visual Studio not installed; this is necessary to develop Windows apps.
      Download at https://visualstudio.microsoft.com/downloads/.
      Please install the "Desktop development with C++" workload, including all of its default components

[32m[✓][39m Android Studio (version 2024.3) [4ms]
    [32m•[39m Android Studio at C:\Program Files\Android\Android Studio
    [32m•[39m Flutter plugin can be installed from:
      🔨 https://plugins.jetbrains.com/plugin/9212-flutter
    [32m•[39m Dart plugin can be installed from:
      🔨 https://plugins.jetbrains.com/plugin/6351-dart
    [32m•[39m Java version OpenJDK Runtime Environment (build 21.0.6+-13355223-b631.42)

[32m[✓][39m VS Code (version 1.99.3) [3ms]
    [32m•[39m VS Code at C:\Users\matth\AppData\Local\Programs\Microsoft VS Code
    [32m•[39m Flutter extension version 3.110.0

[32m[✓][39m Connected device (3 available) [85ms]
    [32m•[39m Windows (desktop) • windows • windows-x64    • Microsoft Windows [Version 10.0.26100.3775]
    [32m•[39m Chrome (web)      • chrome  • web-javascript • Google Chrome 135.0.7049.116
    [32m•[39m Edge (web)        • edge    • web-javascript • Microsoft Edge 136.0.3240.50

[32m[✓][39m Network resources [351ms]
    [32m•[39m All expected network resources are available.

[33m![39m Doctor found issues in 1 category.
```
